<?xml version="1.0" encoding="UTF-8" ?>
<testsuite errors="1" failures="0" hostname="amir-Lenovo-G550" name="SampleTest" tests="1" time="10.745" timestamp="2012-06-06T00:50:32">
  <properties>
[...]
</properties>
  <testcase classname="SampleTest" name="testSample" time="10.519">
    <error message="Unable to locate element: {&quot;method&quot;:&quot;id&quot;,&quot;selector&quot;:&quot;successMessag&quot;}&#xa;Command duration or timeout: 3.05 seconds&#xa;For documentation on this error, please visit: http://seleniumhq.org/exceptions/no_such_element.html&#xa;Build info: version: &apos;2.22.0&apos;, revision: &apos;17049&apos;, time: &apos;2012-05-29 13:32:46&apos;&#xa;System info: os.name: &apos;Linux&apos;, os.arch: &apos;amd64&apos;, os.version: &apos;3.2.0-23-generic&apos;, java.version: &apos;1.6.0_24&apos;&#xa;Driver info: driver.version: RemoteWebDriver&#xa;Session ID: 2a990c28-4d0d-4030-8fca-1833eb02d71e" type="org.openqa.selenium.NoSuchElementException">org.openqa.selenium.NoSuchElementException: Unable to locate element: {&quot;method&quot;:&quot;id&quot;,&quot;selector&quot;:&quot;successMessag&quot;}
Command duration or timeout: 3.05 seconds
For documentation on this error, please visit: http://seleniumhq.org/exceptions/no_such_element.html
Build info: version: &apos;2.22.0&apos;, revision: &apos;17049&apos;, time: &apos;2012-05-29 13:32:46&apos;
System info: os.name: &apos;Linux&apos;, os.arch: &apos;amd64&apos;, os.version: &apos;3.2.0-23-generic&apos;, java.version: &apos;1.6.0_24&apos;
Driver info: driver.version: RemoteWebDriver
Session ID: 2a990c28-4d0d-4030-8fca-1833eb02d71e
	at java.lang.reflect.Constructor.newInstance(Constructor.java:532)
	at org.openqa.selenium.remote.ErrorHandler.createThrowable(ErrorHandler.java:188)
	at org.openqa.selenium.remote.ErrorHandler.throwIfResponseFailed(ErrorHandler.java:145)
	at org.openqa.selenium.remote.RemoteWebDriver.execute(RemoteWebDriver.java:458)
	at org.openqa.selenium.remote.RemoteWebDriver.findElement(RemoteWebDriver.java:226)
	at org.openqa.selenium.remote.RemoteWebDriver.findElementById(RemoteWebDriver.java:255)
	at org.openqa.selenium.By$ById.findElement(By.java:215)
	at org.openqa.selenium.remote.RemoteWebDriver.findElement(RemoteWebDriver.java:218)
	at SampleTest.testSample(SampleTest.java:44)
Caused by: org.openqa.selenium.remote.ErrorHandler$UnknownServerException: Unable to locate element: {&quot;method&quot;:&quot;id&quot;,&quot;selector&quot;:&quot;successMessag&quot;}
Build info: version: &apos;2.22.0&apos;, revision: &apos;17049&apos;, time: &apos;2012-05-29 13:32:46&apos;
System info: os.name: &apos;Linux&apos;, os.arch: &apos;amd64&apos;, os.version: &apos;3.2.0-23-generic&apos;, java.version: &apos;1.6.0_24&apos;
Driver info: driver.version: unknown
	at &lt;anonymous class&gt;.&lt;anonymous method&gt;(file:///tmp/anonymous8100584682632911194webdriver-profile/extensions/fxdriver@googlecode.com/components/driver_component.js:6564)
	at &lt;anonymous class&gt;.&lt;anonymous method&gt;(file:///tmp/anonymous8100584682632911194webdriver-profile/extensions/fxdriver@googlecode.com/components/driver_component.js:471)
</error>
  </testcase>
  <system-out><![CDATA[]]></system-out>
  <system-err><![CDATA[]]></system-err>
</testsuite>
